\BOOKMARK [0][-]{section*.4}{Acknowledgments}{}% 1
\BOOKMARK [0][-]{section*.5}{Abstract}{}% 2
\BOOKMARK [0][-]{section*.7}{Outline of the Thesis}{}% 3
\BOOKMARK [-1][]{part.1}{Part One: Introduction and Theory}{}% 4
\BOOKMARK [0][-]{chapter.1}{Introduction}{part.1}% 5
\BOOKMARK [1][-]{section.1.1}{Motivation}{chapter.1}% 6
\BOOKMARK [1][-]{section.1.2}{Goals}{chapter.1}% 7
\BOOKMARK [0][-]{chapter.2}{Related Works}{part.1}% 8
\BOOKMARK [1][-]{section.2.1}{Works on Complicated Domains}{chapter.2}% 9
\BOOKMARK [1][-]{section.2.2}{Works on Error Analysis and Convergence}{chapter.2}% 10
\BOOKMARK [1][-]{section.2.3}{Works on Parallel Environment}{chapter.2}% 11
\BOOKMARK [1][-]{section.2.4}{Works on Fluid Mechanics, Heat Transfer and other PDEs}{chapter.2}% 12
\BOOKMARK [1][-]{section.2.5}{Works on Numerical Integration}{chapter.2}% 13
\BOOKMARK [1][-]{section.2.6}{Works on Regression Problem}{chapter.2}% 14
\BOOKMARK [1][-]{section.2.7}{Works on Data Mining and Machine Learning}{chapter.2}% 15
\BOOKMARK [1][-]{section.2.8}{Works on Eigenvalue Problems}{chapter.2}% 16
\BOOKMARK [1][-]{section.2.9}{Works on Adaptive Methods}{chapter.2}% 17
\BOOKMARK [0][-]{chapter.3}{Methods}{part.1}% 18
\BOOKMARK [1][-]{section.3.1}{Sparse grid method and hierarchical basis}{chapter.3}% 19
\BOOKMARK [1][-]{section.3.2}{Combination Technique}{chapter.3}% 20
\BOOKMARK [-1][]{part.2}{Part Two: Implementation, Results and Conclusion}{}% 21
\BOOKMARK [0][-]{chapter.4}{Current Implementation}{part.2}% 22
\BOOKMARK [1][-]{section.4.1}{General Ideas}{chapter.4}% 23
\BOOKMARK [1][-]{section.4.2}{Different Schemes}{chapter.4}% 24
\BOOKMARK [0][-]{chapter.5}{Results}{part.2}% 25
\BOOKMARK [1][-]{section.5.1}{Verification of components}{chapter.5}% 26
\BOOKMARK [1][-]{section.5.2}{Results of local refinement \(spatial adaptivity\)}{chapter.5}% 27
\BOOKMARK [2][-]{subsection.5.2.1}{Error indicator based on predefined error function}{section.5.2}% 28
\BOOKMARK [2][-]{subsection.5.2.2}{Error indicator based on solution of combination technique}{section.5.2}% 29
\BOOKMARK [1][-]{section.5.3}{Error and Accuracy}{chapter.5}% 30
\BOOKMARK [0][-]{chapter.6}{Conclusion}{part.2}% 31
\BOOKMARK [1][-]{section.6.1}{Conclusion}{chapter.6}% 32
\BOOKMARK [1][-]{section.6.2}{Suggestions for future works}{chapter.6}% 33
\BOOKMARK [-1][]{part*.28}{Appendix}{}% 34
\BOOKMARK [0][-]{appendix.A}{Detailed Descriptions}{part*.28}% 35
\BOOKMARK [1][-]{section.A.1}{List of Figures}{appendix.A}% 36
\BOOKMARK [1][-]{section.A.2}{List of Tables}{appendix.A}% 37
\BOOKMARK [1][-]{section.A.3}{Source Code}{appendix.A}% 38
\BOOKMARK [0][-]{appendix*.31}{Bibliography}{part*.28}% 39
